[2025-08-30T04:01:20.028583] https://v.firebog.net/hosts/Prigent-Phishing.txt failed attempt 3: 404 Client Error: Not Found for url: https://v.firebog.net/hosts/Prigent-Phishing.txt
[2025-08-30T04:01:32.189948] https://raw.githubusercontent.com/ZeroDot1/CoinBlockerLists/master/list.txt failed attempt 3: 404 Client Error: Not Found for url: https://raw.githubusercontent.com/ZeroDot1/CoinBlockerLists/master/list.txt
[2025-08-30T04:01:38.461427] https://raw.githubusercontent.com/ZeroDot1/CoinBlockerLists/master/hosts failed attempt 3: 404 Client Error: Not Found for url: https://raw.githubusercontent.com/ZeroDot1/CoinBlockerLists/master/hosts
[2025-08-30T04:03:15.235495] https://ransomwaretracker.abuse.ch/downloads/RW_DOMBL.txt failed attempt 3: HTTPSConnectionPool(host='ransomwaretracker.abuse.ch', port=443): Read timed out. (read timeout=30)
[2025-08-30T04:03:30.917551] https://ransomwaretracker.abuse.ch/downloads/CW_C2_DOMBL.txt failed attempt 3: 503 Server Error: Backend unavailable, connection timeout for url: https://ransomwaretracker.abuse.ch/downloads/CW_C2_DOMBL.txt
[2025-08-30T04:03:41.604742] https://raw.githubusercontent.com/hagezi/dns-blocklists/master/hosts/hagezi-hosts.txt failed attempt 3: 404 Client Error: Not Found for url: https://raw.githubusercontent.com/hagezi/dns-blocklists/master/hosts/hagezi-hosts.txt
[2025-08-30T04:03:47.912235] https://raw.githubusercontent.com/hagezi/dns-blocklists/master/hosts/hagezi-pro.txt failed attempt 3: 404 Client Error: Not Found for url: https://raw.githubusercontent.com/hagezi/dns-blocklists/master/hosts/hagezi-pro.txt
[2025-08-30T04:03:54.356085] https://raw.githubusercontent.com/fmhy/FMHYFilterlist/master/FMHy%20Filterlist%20Basic.txt failed attempt 3: 404 Client Error: Not Found for url: https://raw.githubusercontent.com/fmhy/FMHYFilterlist/master/FMHy%20Filterlist%20Basic.txt
[2025-08-30T04:04:00.634695] https://raw.githubusercontent.com/fmhy/FMHYFilterlist/master/FMHy%20Filterlist%20Plus.txt failed attempt 3: 404 Client Error: Not Found for url: https://raw.githubusercontent.com/fmhy/FMHYFilterlist/master/FMHy%20Filterlist%20Plus.txt
[2025-08-30T04:04:07.004605] https://raw.githubusercontent.com/yokoffing/filterlists/main/lists/Actually%20Legit%20URL%20Shortener.txt failed attempt 3: 404 Client Error: Not Found for url: https://raw.githubusercontent.com/yokoffing/filterlists/main/lists/Actually%20Legit%20URL%20Shortener.txt
[2025-08-30T04:04:13.278012] https://raw.githubusercontent.com/Universalizer/Universal-FilterLists/main/Actually%20Legitimate%20URL%20Shortener.txt failed attempt 3: 404 Client Error: Not Found for url: https://raw.githubusercontent.com/Universalizer/Universal-FilterLists/main/Actually%20Legitimate%20URL%20Shortener.txt
[2025-08-30T04:04:19.563463] https://raw.githubusercontent.com/AdguardTeam/AdguardFilters/master/English/filter.txt failed attempt 3: 404 Client Error: Not Found for url: https://raw.githubusercontent.com/AdguardTeam/AdguardFilters/master/English/filter.txt
[2025-08-30T04:04:25.948975] https://raw.githubusercontent.com/ajayyy/SponsorBlockServer/master/README.md failed attempt 3: 404 Client Error: Not Found for url: https://raw.githubusercontent.com/ajayyy/SponsorBlockServer/master/README.md
[2025-08-30T04:04:33.151930] https://raw.githubusercontent.com/NotPaul/Twitch-Ad-Blocker/master/twitch-ad-blocker.txt failed attempt 3: 404 Client Error: Not Found for url: https://raw.githubusercontent.com/NotPaul/Twitch-Ad-Blocker/master/twitch-ad-blocker.txt
[2025-08-30T04:04:39.426089] https://raw.githubusercontent.com/ZeroDot1/Discord-Block-List/master/README.md failed attempt 3: 404 Client Error: Not Found for url: https://raw.githubusercontent.com/ZeroDot1/Discord-Block-List/master/README.md
[2025-08-30T04:04:45.681442] https://raw.githubusercontent.com/Perflyst/Perflyst-PiHole/master/Discord.txt failed attempt 3: 404 Client Error: Not Found for url: https://raw.githubusercontent.com/Perflyst/Perflyst-PiHole/master/Discord.txt
[2025-08-30T04:04:51.964493] https://raw.githubusercontent.com/iamadamdev/bypass-paywalls-chrome/master/README.md failed attempt 3: 404 Client Error: Not Found for url: https://raw.githubusercontent.com/iamadamdev/bypass-paywalls-chrome/master/README.md
[2025-08-30T04:04:58.238445] https://raw.githubusercontent.com/iamadamdev/bypass-paywalls-chrome/master/hostnames.txt failed attempt 3: 404 Client Error: Not Found for url: https://raw.githubusercontent.com/iamadamdev/bypass-paywalls-chrome/master/hostnames.txt
[2025-08-30T04:05:04.516029] https://raw.githubusercontent.com/iamadamdev/bypass-paywalls-chrome/master/lists/filters.txt failed attempt 3: 404 Client Error: Not Found for url: https://raw.githubusercontent.com/iamadamdev/bypass-paywalls-chrome/master/lists/filters.txt
[2025-08-30T04:05:10.769745] https://filterlists.com/ failed attempt 3: 403 Client Error: Forbidden for url: https://filterlists.com/
